{"/Users/ilja.petrovs/Documents/coursework/Scooter/src/Battery.js": {"path":"/Users/ilja.petrovs/Documents/coursework/Scooter/src/Battery.js","statementMap":{"0":{"start":{"line":14,"column":2},"end":{"line":14,"column":25}},"1":{"start":{"line":15,"column":2},"end":{"line":15,"column":48}},"2":{"start":{"line":23,"column":2},"end":{"line":26,"column":3}},"3":{"start":{"line":24,"column":3},"end":{"line":24,"column":45}},"4":{"start":{"line":25,"column":3},"end":{"line":25,"column":10}},"5":{"start":{"line":27,"column":2},"end":{"line":27,"column":9}},"6":{"start":{"line":31,"column":0},"end":{"line":31,"column":25}}},"fnMap":{"0":{"name":"(anonymous_0)","decl":{"start":{"line":13,"column":1},"end":{"line":13,"column":2}},"loc":{"start":{"line":13,"column":31},"end":{"line":17,"column":2}},"line":13},"1":{"name":"(anonymous_1)","decl":{"start":{"line":22,"column":1},"end":{"line":22,"column":2}},"loc":{"start":{"line":22,"column":17},"end":{"line":28,"column":2}},"line":22}},"branchMap":{"0":{"loc":{"start":{"line":23,"column":2},"end":{"line":26,"column":3}},"type":"if","locations":[{"start":{"line":23,"column":2},"end":{"line":26,"column":3}},{"start":{"line":23,"column":2},"end":{"line":26,"column":3}}],"line":23}},"s":{"0":3,"1":3,"2":3,"3":2,"4":2,"5":1,"6":4},"f":{"0":3,"1":3},"b":{"0":[2,1]},"_coverageSchema":"1a1c01bbd47fc00a2c39e90264f33305004495a9","hash":"49ba4e910d8a283ebdf0349f38bbbe014f7844f6"}
,"/Users/ilja.petrovs/Documents/coursework/Scooter/src/ChargingStation.js": {"path":"/Users/ilja.petrovs/Documents/coursework/Scooter/src/ChargingStation.js","statementMap":{"0":{"start":{"line":8,"column":2},"end":{"line":8,"column":22}},"1":{"start":{"line":32,"column":2},"end":{"line":32,"column":39}},"2":{"start":{"line":33,"column":2},"end":{"line":37,"column":11}},"3":{"start":{"line":34,"column":3},"end":{"line":34,"column":37}},"4":{"start":{"line":35,"column":3},"end":{"line":35,"column":32}},"5":{"start":{"line":36,"column":3},"end":{"line":36,"column":20}},"6":{"start":{"line":44,"column":2},"end":{"line":44,"column":41}},"7":{"start":{"line":45,"column":2},"end":{"line":45,"column":28}},"8":{"start":{"line":52,"column":2},"end":{"line":52,"column":53}},"9":{"start":{"line":53,"column":2},"end":{"line":53,"column":29}},"10":{"start":{"line":57,"column":0},"end":{"line":57,"column":34}}},"fnMap":{"0":{"name":"(anonymous_0)","decl":{"start":{"line":7,"column":1},"end":{"line":7,"column":2}},"loc":{"start":{"line":7,"column":15},"end":{"line":9,"column":2}},"line":7},"1":{"name":"(anonymous_1)","decl":{"start":{"line":31,"column":1},"end":{"line":31,"column":2}},"loc":{"start":{"line":31,"column":24},"end":{"line":38,"column":2}},"line":31},"2":{"name":"(anonymous_2)","decl":{"start":{"line":33,"column":13},"end":{"line":33,"column":14}},"loc":{"start":{"line":33,"column":19},"end":{"line":37,"column":3}},"line":33},"3":{"name":"(anonymous_3)","decl":{"start":{"line":43,"column":1},"end":{"line":43,"column":2}},"loc":{"start":{"line":43,"column":25},"end":{"line":46,"column":2}},"line":43},"4":{"name":"(anonymous_4)","decl":{"start":{"line":51,"column":1},"end":{"line":51,"column":2}},"loc":{"start":{"line":51,"column":22},"end":{"line":54,"column":2}},"line":51}},"branchMap":{},"s":{"0":1,"1":2,"2":2,"3":1,"4":1,"5":1,"6":1,"7":1,"8":1,"9":1,"10":2},"f":{"0":1,"1":2,"2":1,"3":1,"4":1},"b":{},"_coverageSchema":"1a1c01bbd47fc00a2c39e90264f33305004495a9","hash":"377c44ddbdf41e3a2c5e8dba18b2acb598491513"}
,"/Users/ilja.petrovs/Documents/coursework/Scooter/src/Customer.js": {"path":"/Users/ilja.petrovs/Documents/coursework/Scooter/src/Customer.js","statementMap":{"0":{"start":{"line":1,"column":16},"end":{"line":1,"column":36}},"1":{"start":{"line":2,"column":24},"end":{"line":2,"column":52}},"2":{"start":{"line":14,"column":2},"end":{"line":14,"column":18}},"3":{"start":{"line":21,"column":23},"end":{"line":21,"column":41}},"4":{"start":{"line":22,"column":2},"end":{"line":22,"column":33}},"5":{"start":{"line":23,"column":2},"end":{"line":23,"column":28}},"6":{"start":{"line":24,"column":2},"end":{"line":28,"column":3}},"7":{"start":{"line":25,"column":3},"end":{"line":25,"column":40}},"8":{"start":{"line":27,"column":3},"end":{"line":27,"column":42}},"9":{"start":{"line":36,"column":18},"end":{"line":36,"column":39}},"10":{"start":{"line":37,"column":2},"end":{"line":37,"column":47}},"11":{"start":{"line":44,"column":2},"end":{"line":46,"column":3}},"12":{"start":{"line":45,"column":3},"end":{"line":45,"column":63}},"13":{"start":{"line":47,"column":2},"end":{"line":49,"column":3}},"14":{"start":{"line":48,"column":3},"end":{"line":48,"column":39}},"15":{"start":{"line":50,"column":2},"end":{"line":50,"column":51}},"16":{"start":{"line":54,"column":0},"end":{"line":54,"column":26}}},"fnMap":{"0":{"name":"(anonymous_0)","decl":{"start":{"line":13,"column":1},"end":{"line":13,"column":2}},"loc":{"start":{"line":13,"column":15},"end":{"line":15,"column":2}},"line":13},"1":{"name":"(anonymous_1)","decl":{"start":{"line":20,"column":1},"end":{"line":20,"column":2}},"loc":{"start":{"line":20,"column":20},"end":{"line":30,"column":2}},"line":20},"2":{"name":"(anonymous_2)","decl":{"start":{"line":35,"column":1},"end":{"line":35,"column":2}},"loc":{"start":{"line":35,"column":15},"end":{"line":38,"column":2}},"line":35},"3":{"name":"(anonymous_3)","decl":{"start":{"line":43,"column":1},"end":{"line":43,"column":2}},"loc":{"start":{"line":43,"column":14},"end":{"line":51,"column":2}},"line":43}},"branchMap":{"0":{"loc":{"start":{"line":24,"column":2},"end":{"line":28,"column":3}},"type":"if","locations":[{"start":{"line":24,"column":2},"end":{"line":28,"column":3}},{"start":{"line":24,"column":2},"end":{"line":28,"column":3}}],"line":24},"1":{"loc":{"start":{"line":44,"column":2},"end":{"line":46,"column":3}},"type":"if","locations":[{"start":{"line":44,"column":2},"end":{"line":46,"column":3}},{"start":{"line":44,"column":2},"end":{"line":46,"column":3}}],"line":44}},"s":{"0":1,"1":1,"2":1,"3":0,"4":0,"5":0,"6":0,"7":0,"8":0,"9":0,"10":0,"11":1,"12":1,"13":0,"14":0,"15":0,"16":1},"f":{"0":1,"1":0,"2":0,"3":1},"b":{"0":[0,0],"1":[1,0]},"_coverageSchema":"1a1c01bbd47fc00a2c39e90264f33305004495a9","hash":"5d64dfd05c203ecc98cf9467cd5da69c13e39100"}
,"/Users/ilja.petrovs/Documents/coursework/Scooter/src/Scooter.js": {"path":"/Users/ilja.petrovs/Documents/coursework/Scooter/src/Scooter.js","statementMap":{"0":{"start":{"line":1,"column":16},"end":{"line":1,"column":36}},"1":{"start":{"line":2,"column":26},"end":{"line":2,"column":56}},"2":{"start":{"line":20,"column":2},"end":{"line":20,"column":21}},"3":{"start":{"line":21,"column":2},"end":{"line":21,"column":36}},"4":{"start":{"line":22,"column":2},"end":{"line":22,"column":31}},"5":{"start":{"line":23,"column":2},"end":{"line":23,"column":37}},"6":{"start":{"line":24,"column":2},"end":{"line":24,"column":26}},"7":{"start":{"line":31,"column":2},"end":{"line":39,"column":3}},"8":{"start":{"line":32,"column":3},"end":{"line":32,"column":31}},"9":{"start":{"line":33,"column":3},"end":{"line":33,"column":15}},"10":{"start":{"line":34,"column":3},"end":{"line":34,"column":32}},"11":{"start":{"line":36,"column":3},"end":{"line":36,"column":32}},"12":{"start":{"line":37,"column":3},"end":{"line":37,"column":41}},"13":{"start":{"line":38,"column":3},"end":{"line":38,"column":23}},"14":{"start":{"line":46,"column":2},"end":{"line":46,"column":34}},"15":{"start":{"line":53,"column":18},"end":{"line":55,"column":3}},"16":{"start":{"line":54,"column":13},"end":{"line":54,"column":54}},"17":{"start":{"line":56,"column":2},"end":{"line":56,"column":35}},"18":{"start":{"line":57,"column":2},"end":{"line":57,"column":29}},"19":{"start":{"line":58,"column":2},"end":{"line":58,"column":30}},"20":{"start":{"line":62,"column":0},"end":{"line":62,"column":25}}},"fnMap":{"0":{"name":"(anonymous_0)","decl":{"start":{"line":19,"column":1},"end":{"line":19,"column":2}},"loc":{"start":{"line":19,"column":20},"end":{"line":25,"column":2}},"line":19},"1":{"name":"(anonymous_1)","decl":{"start":{"line":30,"column":1},"end":{"line":30,"column":2}},"loc":{"start":{"line":30,"column":13},"end":{"line":40,"column":2}},"line":30},"2":{"name":"(anonymous_2)","decl":{"start":{"line":45,"column":1},"end":{"line":45,"column":2}},"loc":{"start":{"line":45,"column":8},"end":{"line":47,"column":2}},"line":45},"3":{"name":"(anonymous_3)","decl":{"start":{"line":52,"column":1},"end":{"line":52,"column":2}},"loc":{"start":{"line":52,"column":19},"end":{"line":59,"column":2}},"line":52},"4":{"name":"(anonymous_4)","decl":{"start":{"line":54,"column":3},"end":{"line":54,"column":4}},"loc":{"start":{"line":54,"column":13},"end":{"line":54,"column":54}},"line":54}},"branchMap":{"0":{"loc":{"start":{"line":31,"column":2},"end":{"line":39,"column":3}},"type":"if","locations":[{"start":{"line":31,"column":2},"end":{"line":39,"column":3}},{"start":{"line":31,"column":2},"end":{"line":39,"column":3}}],"line":31},"1":{"loc":{"start":{"line":54,"column":13},"end":{"line":54,"column":54}},"type":"binary-expr","locations":[{"start":{"line":54,"column":13},"end":{"line":54,"column":36}},{"start":{"line":54,"column":40},"end":{"line":54,"column":54}}],"line":54}},"s":{"0":3,"1":3,"2":2,"3":2,"4":2,"5":2,"6":2,"7":2,"8":1,"9":1,"10":1,"11":1,"12":1,"13":1,"14":1,"15":1,"16":0,"17":0,"18":0,"19":0,"20":3},"f":{"0":2,"1":2,"2":1,"3":1,"4":0},"b":{"0":[1,1],"1":[0,0]},"_coverageSchema":"1a1c01bbd47fc00a2c39e90264f33305004495a9","hash":"1a380c790123875a70a867bb93436247d491911e"}
,"/Users/ilja.petrovs/Documents/coursework/Scooter/src/ScooterHireSystem.js": {"path":"/Users/ilja.petrovs/Documents/coursework/Scooter/src/ScooterHireSystem.js","statementMap":{"0":{"start":{"line":1,"column":11},"end":{"line":1,"column":24}},"1":{"start":{"line":20,"column":2},"end":{"line":22,"column":5}},"2":{"start":{"line":21,"column":3},"end":{"line":21,"column":41}},"3":{"start":{"line":21,"column":26},"end":{"line":21,"column":41}},"4":{"start":{"line":37,"column":2},"end":{"line":43,"column":5}},"5":{"start":{"line":38,"column":3},"end":{"line":42,"column":6}},"6":{"start":{"line":39,"column":4},"end":{"line":39,"column":23}},"7":{"start":{"line":39,"column":13},"end":{"line":39,"column":23}},"8":{"start":{"line":40,"column":4},"end":{"line":40,"column":46}},"9":{"start":{"line":41,"column":4},"end":{"line":41,"column":14}},"10":{"start":{"line":47,"column":0},"end":{"line":47,"column":35}}},"fnMap":{"0":{"name":"(anonymous_0)","decl":{"start":{"line":12,"column":1},"end":{"line":12,"column":2}},"loc":{"start":{"line":12,"column":15},"end":{"line":13,"column":2}},"line":12},"1":{"name":"(anonymous_1)","decl":{"start":{"line":19,"column":1},"end":{"line":19,"column":2}},"loc":{"start":{"line":19,"column":28},"end":{"line":23,"column":2}},"line":19},"2":{"name":"(anonymous_2)","decl":{"start":{"line":20,"column":32},"end":{"line":20,"column":33}},"loc":{"start":{"line":20,"column":45},"end":{"line":22,"column":3}},"line":20},"3":{"name":"(anonymous_3)","decl":{"start":{"line":36,"column":1},"end":{"line":36,"column":2}},"loc":{"start":{"line":36,"column":18},"end":{"line":44,"column":2}},"line":36},"4":{"name":"(anonymous_4)","decl":{"start":{"line":37,"column":21},"end":{"line":37,"column":22}},"loc":{"start":{"line":37,"column":42},"end":{"line":43,"column":3}},"line":37},"5":{"name":"(anonymous_5)","decl":{"start":{"line":38,"column":59},"end":{"line":38,"column":60}},"loc":{"start":{"line":38,"column":74},"end":{"line":42,"column":4}},"line":38}},"branchMap":{"0":{"loc":{"start":{"line":19,"column":17},"end":{"line":19,"column":26}},"type":"default-arg","locations":[{"start":{"line":19,"column":25},"end":{"line":19,"column":26}}],"line":19},"1":{"loc":{"start":{"line":21,"column":3},"end":{"line":21,"column":41}},"type":"if","locations":[{"start":{"line":21,"column":3},"end":{"line":21,"column":41}},{"start":{"line":21,"column":3},"end":{"line":21,"column":41}}],"line":21},"2":{"loc":{"start":{"line":39,"column":4},"end":{"line":39,"column":23}},"type":"if","locations":[{"start":{"line":39,"column":4},"end":{"line":39,"column":23}},{"start":{"line":39,"column":4},"end":{"line":39,"column":23}}],"line":39}},"s":{"0":4,"1":2,"2":60,"3":32,"4":1,"5":1,"6":1,"7":0,"8":1,"9":1,"10":4},"f":{"0":3,"1":2,"2":60,"3":1,"4":1,"5":1},"b":{"0":[1],"1":[32,28],"2":[0,1]},"_coverageSchema":"1a1c01bbd47fc00a2c39e90264f33305004495a9","hash":"bb091216b836e0d153250c659260a4459ca47365"}
}
