TN:
SF:src/Battery.js
FN:13,(anonymous_0)
FN:22,(anonymous_1)
FNF:2
FNH:2
FNDA:3,(anonymous_0)
FNDA:3,(anonymous_1)
DA:14,3
DA:15,3
DA:23,3
DA:24,2
DA:25,2
DA:27,1
DA:31,4
LF:7
LH:7
BRDA:23,0,0,2
BRDA:23,0,1,1
BRF:2
BRH:2
end_of_record
TN:
SF:src/ChargingStation.js
FN:7,(anonymous_0)
FN:31,(anonymous_1)
FN:33,(anonymous_2)
FN:43,(anonymous_3)
FN:51,(anonymous_4)
FNF:5
FNH:5
FNDA:1,(anonymous_0)
FNDA:2,(anonymous_1)
FNDA:1,(anonymous_2)
FNDA:1,(anonymous_3)
FNDA:1,(anonymous_4)
DA:8,1
DA:32,2
DA:33,2
DA:34,1
DA:35,1
DA:36,1
DA:44,1
DA:45,1
DA:52,1
DA:53,1
DA:57,2
LF:11
LH:11
BRF:0
BRH:0
end_of_record
TN:
SF:src/Customer.js
FN:13,(anonymous_0)
FN:20,(anonymous_1)
FN:35,(anonymous_2)
FN:43,(anonymous_3)
FNF:4
FNH:2
FNDA:1,(anonymous_0)
FNDA:0,(anonymous_1)
FNDA:0,(anonymous_2)
FNDA:1,(anonymous_3)
DA:1,1
DA:2,1
DA:14,1
DA:21,0
DA:22,0
DA:23,0
DA:24,0
DA:25,0
DA:27,0
DA:36,0
DA:37,0
DA:44,1
DA:45,1
DA:47,0
DA:48,0
DA:50,0
DA:54,1
LF:17
LH:6
BRDA:24,0,0,0
BRDA:24,0,1,0
BRDA:44,1,0,1
BRDA:44,1,1,0
BRF:4
BRH:1
end_of_record
TN:
SF:src/Scooter.js
FN:19,(anonymous_0)
FN:30,(anonymous_1)
FN:45,(anonymous_2)
FN:52,(anonymous_3)
FN:54,(anonymous_4)
FNF:5
FNH:4
FNDA:2,(anonymous_0)
FNDA:2,(anonymous_1)
FNDA:1,(anonymous_2)
FNDA:1,(anonymous_3)
FNDA:0,(anonymous_4)
DA:1,3
DA:2,3
DA:20,2
DA:21,2
DA:22,2
DA:23,2
DA:24,2
DA:31,2
DA:32,1
DA:33,1
DA:34,1
DA:36,1
DA:37,1
DA:38,1
DA:46,1
DA:53,1
DA:54,0
DA:56,0
DA:57,0
DA:58,0
DA:62,3
LF:21
LH:17
BRDA:31,0,0,1
BRDA:31,0,1,1
BRDA:54,1,0,0
BRDA:54,1,1,0
BRF:4
BRH:2
end_of_record
TN:
SF:src/ScooterHireSystem.js
FN:12,(anonymous_0)
FN:19,(anonymous_1)
FN:20,(anonymous_2)
FN:36,(anonymous_3)
FN:37,(anonymous_4)
FN:38,(anonymous_5)
FNF:6
FNH:6
FNDA:3,(anonymous_0)
FNDA:2,(anonymous_1)
FNDA:60,(anonymous_2)
FNDA:1,(anonymous_3)
FNDA:1,(anonymous_4)
FNDA:1,(anonymous_5)
DA:1,4
DA:20,2
DA:21,60
DA:37,1
DA:38,1
DA:39,1
DA:40,1
DA:41,1
DA:47,4
LF:9
LH:9
BRDA:19,0,0,1
BRDA:21,1,0,32
BRDA:21,1,1,28
BRDA:39,2,0,0
BRDA:39,2,1,1
BRF:5
BRH:4
end_of_record
